0 info it worked if it ends with ok
1 verbose cli [ 'c:\\Program Files\\nodejs\\node.exe',
1 verbose cli   'c:\\Program Files\\nodejs\\node_modules\\npm\\bin\\npm-cli.js',
1 verbose cli   'i',
1 verbose cli   'ng-material-floating-button',
1 verbose cli   '--save' ]
2 info using npm@1.4.28
3 info using node@v0.10.33
4 warn package.json pokeTracking@0.0.0 No description
5 warn package.json pokeTracking@0.0.0 No repository field.
6 warn package.json pokeTracking@0.0.0 No README data
7 verbose readDependencies using package.json deps
8 verbose cache add [ 'ng-material-floating-button', null ]
9 verbose cache add name=undefined spec="ng-material-floating-button" args=["ng-material-floating-button",null]
10 verbose parsed url { protocol: null,
10 verbose parsed url   slashes: null,
10 verbose parsed url   auth: null,
10 verbose parsed url   host: null,
10 verbose parsed url   port: null,
10 verbose parsed url   hostname: null,
10 verbose parsed url   hash: null,
10 verbose parsed url   search: null,
10 verbose parsed url   query: null,
10 verbose parsed url   pathname: 'ng-material-floating-button',
10 verbose parsed url   path: 'ng-material-floating-button',
10 verbose parsed url   href: 'ng-material-floating-button' }
11 silly lockFile 2a9ee4f4-ng-material-floating-button ng-material-floating-button
12 verbose lock ng-material-floating-button C:\Users\amenaari\AppData\Roaming\npm-cache\2a9ee4f4-ng-material-floating-button.lock
13 silly lockFile 2a9ee4f4-ng-material-floating-button ng-material-floating-button
14 silly lockFile 2a9ee4f4-ng-material-floating-button ng-material-floating-button
15 verbose addNamed [ 'ng-material-floating-button', '' ]
16 verbose addNamed [ null, '*' ]
17 silly lockFile 428399c0-ng-material-floating-button ng-material-floating-button@
18 verbose lock ng-material-floating-button@ C:\Users\amenaari\AppData\Roaming\npm-cache\428399c0-ng-material-floating-button.lock
19 silly addNameRange { name: 'ng-material-floating-button',
19 silly addNameRange   range: '*',
19 silly addNameRange   hasData: false }
20 verbose request where is /ng-material-floating-button
21 verbose request registry https://registry.npmjs.org/
22 verbose request id f9a3dd61c235b5f6
23 verbose url raw /ng-material-floating-button
24 verbose url resolving [ 'https://registry.npmjs.org/',
24 verbose url resolving   './ng-material-floating-button' ]
25 verbose url resolved https://registry.npmjs.org/ng-material-floating-button
26 verbose request where is https://registry.npmjs.org/ng-material-floating-button
27 info trying registry request attempt 1 at 11:03:38
28 http GET https://registry.npmjs.org/ng-material-floating-button
29 info retry will retry, error on last attempt: Error: tunneling socket could not be established, cause=getaddrinfo ENOTFOUND
30 info trying registry request attempt 2 at 11:03:48
31 http GET https://registry.npmjs.org/ng-material-floating-button
32 info retry will retry, error on last attempt: Error: tunneling socket could not be established, cause=getaddrinfo ENOTFOUND
33 info trying registry request attempt 3 at 11:04:48
34 http GET https://registry.npmjs.org/ng-material-floating-button
35 silly lockFile 428399c0-ng-material-floating-button ng-material-floating-button@
36 silly lockFile 428399c0-ng-material-floating-button ng-material-floating-button@
37 error network tunneling socket could not be established, cause=getaddrinfo ENOTFOUND
37 error network This is most likely not a problem with npm itself
37 error network and is related to network connectivity.
37 error network In most cases you are behind a proxy or have bad network settings.
37 error network
37 error network If you are behind a proxy, please make sure that the
37 error network 'proxy' config is set properly.  See: 'npm help config'
38 error System Windows_NT 6.2.9200
39 error command "c:\\Program Files\\nodejs\\node.exe" "c:\\Program Files\\nodejs\\node_modules\\npm\\bin\\npm-cli.js" "i" "ng-material-floating-button" "--save"
40 error cwd c:\GIT\PokeTracking
41 error node -v v0.10.33
42 error npm -v 1.4.28
43 error code ECONNRESET
44 verbose exit [ 1, true ]
